<?xml version="1.0" encoding="UTF-8"?>
<coverage generated="1526609435663" clover="3.2.0">
  <project timestamp="1526609435663" name="All files">
    <metrics statements="13" coveredstatements="12" conditionals="10" coveredconditionals="9" methods="3" coveredmethods="3" elements="26" coveredelements="24" complexity="0" loc="13" ncloc="13" packages="1" files="2" classes="2">
      <file name="arithmetic.js" path="/Users/brittanybolstad/codefellows/401/labs/01-node-ecosystem/Lab-Brittany/lib/arithmetic.js">
        <metrics statements="9" coveredstatements="8" conditionals="8" coveredconditionals="7" methods="2" coveredmethods="2"/>
        <line num="3" count="1" type="stmt"/>
        <line num="5" count="1" type="stmt"/>
        <line num="6" count="3" type="cond" truecount="4" falsecount="0"/>
        <line num="7" count="1" type="stmt"/>
        <line num="9" count="2" type="stmt"/>
        <line num="12" count="1" type="stmt"/>
        <line num="13" count="2" type="cond" truecount="3" falsecount="1"/>
        <line num="14" count="0" type="stmt"/>
        <line num="16" count="2" type="stmt"/>
      </file>
      <file name="greet.js" path="/Users/brittanybolstad/codefellows/401/labs/01-node-ecosystem/Lab-Brittany/lib/greet.js">
        <metrics statements="4" coveredstatements="4" conditionals="2" coveredconditionals="2" methods="1" coveredmethods="1"/>
        <line num="3" count="2" type="cond" truecount="2" falsecount="0"/>
        <line num="4" count="1" type="stmt"/>
        <line num="6" count="1" type="stmt"/>
        <line num="9" count="1" type="stmt"/>
      </file>
    </metrics>
  </project>
</coverage>
