{"/Users/brittanybolstad/codefellows/401/labs/01-node-ecosystem/Lab-Brittany/lib/arithmetic.js": {"path":"/Users/brittanybolstad/codefellows/401/labs/01-node-ecosystem/Lab-Brittany/lib/arithmetic.js","statementMap":{"0":{"start":{"line":3,"column":0},"end":{"line":3,"column":30}},"1":{"start":{"line":5,"column":0},"end":{"line":10,"column":2}},"2":{"start":{"line":6,"column":2},"end":{"line":8,"column":3}},"3":{"start":{"line":7,"column":4},"end":{"line":7,"column":16}},"4":{"start":{"line":9,"column":2},"end":{"line":9,"column":17}},"5":{"start":{"line":12,"column":0},"end":{"line":17,"column":2}},"6":{"start":{"line":13,"column":2},"end":{"line":15,"column":3}},"7":{"start":{"line":14,"column":4},"end":{"line":14,"column":16}},"8":{"start":{"line":16,"column":2},"end":{"line":16,"column":17}}},"fnMap":{"0":{"name":"(anonymous_0)","decl":{"start":{"line":5,"column":14},"end":{"line":5,"column":15}},"loc":{"start":{"line":5,"column":29},"end":{"line":10,"column":1}},"line":5},"1":{"name":"(anonymous_1)","decl":{"start":{"line":12,"column":14},"end":{"line":12,"column":15}},"loc":{"start":{"line":12,"column":29},"end":{"line":17,"column":1}},"line":12}},"branchMap":{"0":{"loc":{"start":{"line":6,"column":2},"end":{"line":8,"column":3}},"type":"if","locations":[{"start":{"line":6,"column":2},"end":{"line":8,"column":3}},{"start":{"line":6,"column":2},"end":{"line":8,"column":3}}],"line":6},"1":{"loc":{"start":{"line":6,"column":6},"end":{"line":6,"column":52}},"type":"binary-expr","locations":[{"start":{"line":6,"column":6},"end":{"line":6,"column":27}},{"start":{"line":6,"column":31},"end":{"line":6,"column":52}}],"line":6},"2":{"loc":{"start":{"line":13,"column":2},"end":{"line":15,"column":3}},"type":"if","locations":[{"start":{"line":13,"column":2},"end":{"line":15,"column":3}},{"start":{"line":13,"column":2},"end":{"line":15,"column":3}}],"line":13},"3":{"loc":{"start":{"line":13,"column":6},"end":{"line":13,"column":52}},"type":"binary-expr","locations":[{"start":{"line":13,"column":6},"end":{"line":13,"column":27}},{"start":{"line":13,"column":31},"end":{"line":13,"column":52}}],"line":13}},"s":{"0":1,"1":1,"2":3,"3":1,"4":2,"5":1,"6":2,"7":0,"8":2},"f":{"0":3,"1":2},"b":{"0":[1,2],"1":[3,2],"2":[0,2],"3":[2,2]},"_coverageSchema":"332fd63041d2c1bcb487cc26dd0d5f7d97098a6c","hash":"77ed6db638a7b0b4cbf42ce1f2d7342beda8e9d3"}
,"/Users/brittanybolstad/codefellows/401/labs/01-node-ecosystem/Lab-Brittany/lib/greet.js": {"path":"/Users/brittanybolstad/codefellows/401/labs/01-node-ecosystem/Lab-Brittany/lib/greet.js","statementMap":{"0":{"start":{"line":3,"column":2},"end":{"line":5,"column":3}},"1":{"start":{"line":4,"column":4},"end":{"line":4,"column":16}},"2":{"start":{"line":6,"column":2},"end":{"line":6,"column":25}},"3":{"start":{"line":9,"column":0},"end":{"line":9,"column":23}}},"fnMap":{"0":{"name":"greet","decl":{"start":{"line":1,"column":9},"end":{"line":1,"column":14}},"loc":{"start":{"line":1,"column":20},"end":{"line":7,"column":1}},"line":1}},"branchMap":{"0":{"loc":{"start":{"line":3,"column":2},"end":{"line":5,"column":3}},"type":"if","locations":[{"start":{"line":3,"column":2},"end":{"line":5,"column":3}},{"start":{"line":3,"column":2},"end":{"line":5,"column":3}}],"line":3}},"s":{"0":2,"1":1,"2":1,"3":1},"f":{"0":2},"b":{"0":[1,1]},"_coverageSchema":"332fd63041d2c1bcb487cc26dd0d5f7d97098a6c","hash":"5ae8d9c108de91e737e4c9c8a0c7093a4c2c03c1"}
}
