{"/Users/brittanybolstad/codefellows/401/labs/01-node-ecosystem/01-node-ecosystem/lib/greet.js": {"path":"/Users/brittanybolstad/codefellows/401/labs/01-node-ecosystem/01-node-ecosystem/lib/greet.js","statementMap":{"0":{"start":{"line":3,"column":2},"end":{"line":5,"column":3}},"1":{"start":{"line":4,"column":4},"end":{"line":4,"column":16}},"2":{"start":{"line":6,"column":2},"end":{"line":6,"column":25}},"3":{"start":{"line":9,"column":0},"end":{"line":9,"column":23}}},"fnMap":{"0":{"name":"greet","decl":{"start":{"line":1,"column":9},"end":{"line":1,"column":14}},"loc":{"start":{"line":1,"column":20},"end":{"line":7,"column":1}},"line":1}},"branchMap":{"0":{"loc":{"start":{"line":3,"column":2},"end":{"line":5,"column":3}},"type":"if","locations":[{"start":{"line":3,"column":2},"end":{"line":5,"column":3}},{"start":{"line":3,"column":2},"end":{"line":5,"column":3}}],"line":3}},"s":{"0":2,"1":1,"2":1,"3":1},"f":{"0":2},"b":{"0":[1,1]},"_coverageSchema":"332fd63041d2c1bcb487cc26dd0d5f7d97098a6c","hash":"b28de146575ad003573678e1fe1dd726b2d1e68c"}
}
