TN:
SF:/Users/brittanybolstad/codefellows/401/labs/01-node-ecosystem/Lab-Brittany/lib/arithmetic.js
FN:5,(anonymous_0)
FN:12,(anonymous_1)
FNF:2
FNH:2
FNDA:3,(anonymous_0)
FNDA:2,(anonymous_1)
DA:3,1
DA:5,1
DA:6,3
DA:7,1
DA:9,2
DA:12,1
DA:13,2
DA:14,0
DA:16,2
LF:9
LH:8
BRDA:6,0,0,1
BRDA:6,0,1,2
BRDA:6,1,0,3
BRDA:6,1,1,2
BRDA:13,2,0,0
BRDA:13,2,1,2
BRDA:13,3,0,2
BRDA:13,3,1,2
BRF:8
BRH:7
end_of_record
TN:
SF:/Users/brittanybolstad/codefellows/401/labs/01-node-ecosystem/Lab-Brittany/lib/greet.js
FN:1,greet
FNF:1
FNH:1
FNDA:2,greet
DA:3,2
DA:4,1
DA:6,1
DA:9,1
LF:4
LH:4
BRDA:3,0,0,1
BRDA:3,0,1,1
BRF:2
BRH:2
end_of_record
